@ Stage 5
WARNING (theano.tensor.blas): We did not find a dynamic library in the library_dir of the library we use for blas. If you use ATLAS, make sure to compile it with dynamics library.
c_bleu = 0.38 | s_bleu = 8.63 | meteor = 0.0 | rouge = 7.04
rouge_coco = 11.74
Traceback (most recent call last):
  File "/home/cluster/jgu/data/.conda/envs/ssr/lib/python3.7/site-packages/theano/compile/function_module.py", line 903, in __call__
    self.fn() if output_subset is None else\
  File "/home/cluster/jgu/data/.conda/envs/ssr/lib/python3.7/site-packages/theano/scan_module/scan_op.py", line 963, in rval
    r = p(n, [x[0] for x in i], o)
  File "/home/cluster/jgu/data/.conda/envs/ssr/lib/python3.7/site-packages/theano/scan_module/scan_op.py", line 952, in p
    self, node)
  File "scan_perform.pyx", line 220, in theano.scan_module.scan_perform.perform
ValueError: ('Sequence is shorter than the required number of steps : (n_steps, seq, seq.shape):', 1, array([], shape=(0, 1, 1), dtype=float32), (0, 1, 1))

During handling of the above exception, another exception occurred:

Traceback (most recent call last):
  File "/home/cluster/jgu/scratch/ssr/cli/nl_eval.py", line 37, in <module>
    Metric.report(predictions, references)
  File "/net/cephfs/scratch/jgu/ssr/cli/metric.py", line 10, in report
    meteor_score = Metric.report_meteor(predictions, references)
  File "/net/cephfs/scratch/jgu/ssr/cli/metric.py", line 37, in report_meteor
    meteor15_score = metric.compute_metrics([references], predictions)['METEOR']
  File "/home/cluster/jgu/data/.conda/envs/ssr/lib/python3.7/site-packages/nlgeval/__init__.py", line 305, in compute_metrics
    vector_hyps = self.skipthought_encoder.encode([h.strip() for h in hyp_list], verbose=False)
  File "/home/cluster/jgu/data/.conda/envs/ssr/lib/python3.7/site-packages/nlgeval/skipthoughts/skipthoughts.py", line 103, in encode
    return encode(self._model, X, use_norm, verbose, batch_size, use_eos)
  File "/home/cluster/jgu/data/.conda/envs/ssr/lib/python3.7/site-packages/nlgeval/skipthoughts/skipthoughts.py", line 156, in encode
    uff = model['f_w2v'](uembedding, numpy.ones((len(caption),len(caps)), dtype='float32'))
  File "/home/cluster/jgu/data/.conda/envs/ssr/lib/python3.7/site-packages/theano/compile/function_module.py", line 917, in __call__
    storage_map=getattr(self.fn, 'storage_map', None))
  File "/home/cluster/jgu/data/.conda/envs/ssr/lib/python3.7/site-packages/theano/gof/link.py", line 325, in raise_with_op
    reraise(exc_type, exc_value, exc_trace)
  File "/home/cluster/jgu/data/.conda/envs/ssr/lib/python3.7/site-packages/six.py", line 718, in reraise
    raise value.with_traceback(tb)
  File "/home/cluster/jgu/data/.conda/envs/ssr/lib/python3.7/site-packages/theano/compile/function_module.py", line 903, in __call__
    self.fn() if output_subset is None else\
  File "/home/cluster/jgu/data/.conda/envs/ssr/lib/python3.7/site-packages/theano/scan_module/scan_op.py", line 963, in rval
    r = p(n, [x[0] for x in i], o)
  File "/home/cluster/jgu/data/.conda/envs/ssr/lib/python3.7/site-packages/theano/scan_module/scan_op.py", line 952, in p
    self, node)
  File "scan_perform.pyx", line 220, in theano.scan_module.scan_perform.perform
ValueError: ('Sequence is shorter than the required number of steps : (n_steps, seq, seq.shape):', 1, array([], shape=(0, 1, 1), dtype=float32), (0, 1, 1))
Apply node that caused the error: forall_inplace,cpu,encoder__layers}(Elemwise{Maximum}[(0, 0)].0, Elemwise{sub,no_inplace}.0, InplaceDimShuffle{0,1,x}.0, Subtensor{int64:int64:int8}.0, Subtensor{int64:int64:int8}.0, IncSubtensor{InplaceSet;:int64:}.0, encoder_U, encoder_Ux, ScalarFromTensor.0, ScalarFromTensor.0)
Toposort index: 50
Inputs types: [TensorType(int64, scalar), TensorType(float32, (False, False, True)), TensorType(float32, (False, False, True)), TensorType(float32, 3D), TensorType(float32, 3D), TensorType(float32, 3D), TensorType(float32, matrix), TensorType(float32, matrix), Scalar(int64), Scalar(int64)]
Inputs shapes: [(), (0, 1, 1), (0, 1, 1), (0, 1, 4800), (0, 1, 2400), (3, 1, 2400), (2400, 4800), (2400, 2400), (), ()]
Inputs strides: [(), (4, 4, 4), (4, 4, 4), (19200, 19200, 4), (9600, 9600, 4), (9600, 9600, 4), (19200, 4), (9600, 4), (), ()]
Inputs values: [array(1), array([], shape=(0, 1, 1), dtype=float32), array([], shape=(0, 1, 1), dtype=float32), array([], shape=(0, 1, 4800), dtype=float32), array([], shape=(0, 1, 2400), dtype=float32), 'not shown', 'not shown', 'not shown', 2400, 4800]
Outputs clients: [[Subtensor{int64}(forall_inplace,cpu,encoder__layers}.0, ScalarFromTensor.0)]]

HINT: Re-running with most Theano optimization disabled could give you a back-trace of when this node was created. This can be done with by setting the Theano flag 'optimizer=fast_compile'. If that does not work, Theano optimizations can be disabled with 'optimizer=None'.
HINT: Use the Theano flag 'exception_verbosity=high' for a debugprint and storage map footprint of this apply node.
@ Completed
WARNING (theano.tensor.blas): We did not find a dynamic library in the library_dir of the library we use for blas. If you use ATLAS, make sure to compile it with dynamics library.
c_bleu = 0.09 | s_bleu = 4.22 | meteor = 3.15 | rouge = 4.24
rouge_coco = 6.53
@ Completed
